c:\users\mauum\documents\_metropolia\_2019k\c++ projekti\projekti\vaihe_1\shakki\release\vc140.pdb
c:\users\mauum\documents\_metropolia\_2019k\c++ projekti\projekti\vaihe_1\shakki\release\vastustaja.obj
c:\users\mauum\documents\_metropolia\_2019k\c++ projekti\projekti\vaihe_1\shakki\release\siirto.obj
c:\users\mauum\documents\_metropolia\_2019k\c++ projekti\projekti\vaihe_1\shakki\release\ruutu.obj
c:\users\mauum\documents\_metropolia\_2019k\c++ projekti\projekti\vaihe_1\shakki\release\peli.obj
c:\users\mauum\documents\_metropolia\_2019k\c++ projekti\projekti\vaihe_1\shakki\release\nappula.obj
c:\users\mauum\documents\_metropolia\_2019k\c++ projekti\projekti\vaihe_1\shakki\release\main.obj
c:\users\mauum\documents\_metropolia\_2019k\c++ projekti\projekti\vaihe_1\shakki\release\kayttoliittyma.obj
c:\users\mauum\documents\_metropolia\_2019k\c++ projekti\projekti\vaihe_1\shakki\release\asema.obj
c:\users\mauum\documents\_metropolia\_2019k\c++ projekti\projekti\vaihe_1\release\shakki.exe
c:\users\mauum\documents\_metropolia\_2019k\c++ projekti\projekti\vaihe_1\release\shakki.ipdb
c:\users\mauum\documents\_metropolia\_2019k\c++ projekti\projekti\vaihe_1\release\shakki.iobj
c:\users\mauum\documents\_metropolia\_2019k\c++ projekti\projekti\vaihe_1\release\shakki.pdb
c:\users\mauum\documents\_metropolia\_2019k\c++ projekti\projekti\vaihe_1\shakki\release\vcpkg.applocal.log
c:\users\mauum\documents\_metropolia\_2019k\c++ projekti\projekti\vaihe_1\shakki\release\shakki.tlog\cl.command.1.tlog
c:\users\mauum\documents\_metropolia\_2019k\c++ projekti\projekti\vaihe_1\shakki\release\shakki.tlog\cl.read.1.tlog
c:\users\mauum\documents\_metropolia\_2019k\c++ projekti\projekti\vaihe_1\shakki\release\shakki.tlog\cl.write.1.tlog
c:\users\mauum\documents\_metropolia\_2019k\c++ projekti\projekti\vaihe_1\shakki\release\shakki.tlog\link.command.1.tlog
c:\users\mauum\documents\_metropolia\_2019k\c++ projekti\projekti\vaihe_1\shakki\release\shakki.tlog\link.read.1.tlog
c:\users\mauum\documents\_metropolia\_2019k\c++ projekti\projekti\vaihe_1\shakki\release\shakki.tlog\link.write.1.tlog
c:\users\mauum\documents\_metropolia\_2019k\c++ projekti\projekti\vaihe_1\shakki\release\shakki.tlog\shakki.write.1u.tlog
